<?xml version="1.0" encoding="UTF-8"?>
<!-- Generated by org.testng.reporters.JUnitXMLReporter -->
<testsuite ignored="0" hostname="LIN-4PX71F3" failures="1" tests="2" name="Error Validation Test" time="24.298" errors="0" timestamp="2024-02-16T17:05:56 IST">
  <testcase classname="FrameworkDesigne2e.Test.ErrorvalidationTest" name="LoginErrorValidation" time="1.151">
    <failure type="org.junit.ComparisonFailure" message="expected:&amp;lt;Incorrect email []password.&amp;gt; but was:&amp;lt;Incorrect email [or ]password.&amp;gt;">
      <![CDATA[org.junit.ComparisonFailure: expected:<Incorrect email []password.> but was:<Incorrect email [or ]password.>
at org.junit.Assert.assertEquals(Assert.java:115)
at org.junit.Assert.assertEquals(Assert.java:144)
at FrameworkDesigne2e.Test.ErrorvalidationTest.LoginErrorValidation(ErrorvalidationTest.java:22)
at java.base/java.util.ArrayList.forEach(ArrayList.java:1511)
at java.base/java.util.concurrent.FutureTask.run(FutureTask.java:264)
at java.base/java.util.concurrent.ThreadPoolExecutor.runWorker(ThreadPoolExecutor.java:1136)
at java.base/java.util.concurrent.ThreadPoolExecutor$Worker.run(ThreadPoolExecutor.java:635)
at java.base/java.lang.Thread.run(Thread.java:833)
... Removed 17 stack frames]]>
    </failure>
  </testcase> <!-- LoginErrorValidation -->
  <testcase classname="FrameworkDesigne2e.Test.ErrorvalidationTest" name="ProductErrorValidation" time="15.469"/>
</testsuite> <!-- Error Validation Test -->
