<?xml version="1.0" encoding="UTF-8"?>
<!-- Generated by org.testng.reporters.JUnitXMLReporter -->
<testsuite ignored="0" hostname="LIN-4PX71F3" failures="0" tests="2" name="Page Objectdesign Test" time="32.715" errors="0" timestamp="2024-02-16T17:06:04 IST">
  <testcase classname="FrameworkDesigne2e.Test.pageobjectdesign" name="SubmitOrder" time="12.24"/>
  <testcase classname="FrameworkDesigne2e.Test.pageobjectdesign" name="SubmitOrder" time="12.075"/>
</testsuite> <!-- Page Objectdesign Test -->
